2026-01-13 11:13:03,877 - __main__ - INFO - Fetched all expenses data from database between date: 2026-01-13 and 2026-02-11
2026-01-13 11:14:15,172 - database - INFO - Fetched all expenses data from database
2026-01-13 11:14:38,094 - database - INFO - Fetched all expenses data from database on date 2024-08-02
2026-01-13 11:20:19,231 - database - INFO - Fetched all expenses data from database
2026-01-13 12:32:24,062 - database - INFO - Fetched all expenses data from database on date 2024-08-01
2026-01-13 12:32:27,854 - database - INFO - Fetched all expenses data from database on date 2024-08-09
2026-01-13 12:33:14,620 - database - INFO - Fetched all expenses data from database on date 2026-02-11
2026-01-13 12:33:17,448 - database - INFO - Fetched all expenses data from database on date 2026-02-11
2026-01-13 12:33:20,760 - database - INFO - Fetched all expenses data from database on date 2026-02-11
2026-01-13 12:35:26,094 - database - INFO - Fetched all expenses data from database on date 2026-02-11
2026-01-13 12:38:04,040 - database - INFO - Fetched all expenses data from database on date 2026-02-11
2026-01-13 12:38:45,655 - database - INFO - Fetched all expenses data from database on date 2024-08-01
2026-01-13 12:38:55,232 - database - INFO - Fetched all expenses data from database on date 2026-01-13
2026-01-13 12:39:12,039 - database - INFO - Fetched all expenses data from database on date 2026-01-13
2026-01-13 12:39:41,123 - database - INFO - Fetched all expenses data from database on date 2026-01-13
2026-01-13 12:54:14,615 - database - INFO - Fetched all expenses data from database on date 2026-01-13
2026-01-13 12:54:47,144 - database - INFO - Fetched all expenses data from database on date 2026-01-13
2026-01-13 12:54:55,279 - database - INFO - Fetched all expenses data from database on date 2026-01-13
2026-01-13 12:55:03,144 - database - INFO - Fetched all expenses data from database on date 2026-01-13
2026-01-13 12:55:23,115 - database - INFO - Fetched all expenses data from database on date 2026-01-13
2026-01-13 12:55:40,937 - database - INFO - Fetched all expenses data from database on date 2026-01-13
2026-01-13 12:56:01,505 - database - INFO - Fetched all expenses data from database on date 2026-01-13
2026-01-13 12:56:29,942 - database - INFO - Fetched all expenses data from database on date 2026-01-13
2026-01-13 13:05:03,042 - database - INFO - Fetched all expenses data from database on date 2026-01-13
2026-01-13 13:06:46,833 - database - INFO - Fetched all expenses data from database on date 2024-08-02
2026-01-13 13:07:48,130 - database - INFO - Fetched all expenses data from database on date 2024-08-02
2026-01-13 13:09:34,450 - database - INFO - Fetched all expenses data from database on date 2026-01-13
2026-01-13 13:09:49,198 - database - INFO - Fetched all expenses data from database on date 2024-08-02
2026-01-13 13:09:52,707 - database - INFO - Fetched all expenses data from database on date 2024-08-02
2026-01-13 13:10:16,092 - database - INFO - Fetched all expenses data from database on date 2024-08-02
2026-01-13 13:10:28,148 - database - INFO - Fetched all expenses data from database on date 2026-01-13
2026-01-13 13:10:46,994 - database - INFO - Fetched all expenses data from database on date 2024-08-02
2026-01-13 13:12:19,440 - database - INFO - Fetched all expenses data from database on date 2024-08-02
2026-01-13 13:13:30,461 - database - INFO - Fetched all expenses data from database on date 2026-01-13
2026-01-13 13:13:46,326 - database - INFO - Fetched all expenses data from database on date 2024-08-02
2026-01-13 13:17:35,292 - database - INFO - Fetched all expenses data from database on date 2024-08-02
2026-01-13 13:17:40,373 - database - INFO - Fetched all expenses data from database on date 2024-08-09
2026-01-13 13:18:41,432 - database - INFO - Fetched all expenses data from database on date 2024-08-02
2026-01-13 13:20:18,820 - database - INFO - Fetched all expenses data from database on date 2026-01-13
2026-01-13 13:20:22,649 - database - INFO - Fetched all expenses data from database on date 2026-01-01
2026-01-13 13:20:24,462 - database - INFO - Fetched all expenses data from database on date 2026-01-02
2026-01-13 13:20:37,546 - database - INFO - Fetched all expenses data from database on date 2024-08-02
2026-01-13 13:26:08,680 - database - INFO - Fetched all expenses data from database on date 2024-08-02
2026-01-13 13:27:40,460 - database - INFO - Fetched all expenses data from database on date 2024-08-03
2026-01-13 13:29:52,133 - database - INFO - Fetched all expenses data from database on date 2024-08-03
2026-01-13 13:52:58,660 - database - INFO - Fetched all expenses data from database on date 2026-08-11
2026-01-13 13:53:23,670 - database - INFO - Fetched all expenses data from database on date 2026-08-11
2026-01-13 13:57:08,669 - database - INFO - Fetched all expenses data from database on date 2026-08-11
2026-01-13 14:03:33,717 - database - INFO - Fetched all expenses data from database on date 2026-08-11
2026-01-13 14:06:04,849 - database - INFO - Fetched all expenses data from database on date 2026-08-12
2026-01-13 14:06:22,539 - database - INFO - Fetched all expenses data from database on date 2026-08-12
2026-01-13 14:10:07,915 - database - INFO - Fetched all expenses data from database on date 2026-01-13
2026-01-13 14:10:30,355 - database - INFO - Fetched all expenses data from database on date 2026-01-13
2026-01-13 14:14:43,554 - database - INFO - Fetched all expenses data from database on date 2026-01-13
2026-01-13 14:14:50,011 - database - INFO - Fetched all expenses data from database on date 2026-01-13
2026-01-13 14:15:06,020 - database - INFO - Fetched all expenses data from database on date 2026-01-13
2026-01-13 14:16:24,756 - database - INFO - Fetched all expenses data from database on date 2026-01-13
2026-01-13 16:03:16,619 - database - INFO - Fetched all expenses data from database on date 2026-01-02
2026-01-13 16:03:19,197 - database - INFO - Fetched all expenses data from database on date 2026-01-11
2026-01-13 16:03:29,056 - database - INFO - Fetched all expenses data from database on date 2026-01-13
2026-01-13 16:03:37,215 - database - INFO - Fetched all expenses data from database on date 2026-02-11
2026-01-13 16:05:00,470 - database - INFO - Fetched all expenses data from database on date 2024-09-04
2026-01-13 16:05:07,916 - database - INFO - Fetched all expenses data from database on date 2024-09-03
2026-01-13 16:06:27,317 - database - INFO - Fetched all expenses data from database on date 2024-09-02
2026-01-13 16:07:48,127 - database - INFO - Fetched all expenses data from database on date 2024-09-02
2026-01-13 16:11:18,878 - database - INFO - Fetched all expenses data from database on date 2024-09-02
2026-01-13 16:13:14,271 - database - INFO - Fetched all expenses data from database on date 2026-01-13
2026-01-13 16:13:32,340 - database - INFO - Fetched all expenses data from database on date 2024-09-02
2026-01-13 16:15:41,050 - database - INFO - Fetched all expenses data from database on date 2024-09-02
2026-01-13 16:17:42,628 - database - INFO - Fetched all expenses data from database on date 2024-09-03
2026-01-13 16:21:21,083 - database - INFO - Fetched all expenses data from database on date 2026-09-10
2026-01-13 16:21:45,019 - database - INFO - Fetched all expenses data from database on date 2026-09-10
2026-01-13 16:23:05,829 - database - INFO - Fetched all expenses data from database on date 2026-09-10
2026-01-13 16:28:57,156 - database - INFO - Fetched all expenses data from database on date 2026-09-24
2026-01-13 16:29:28,829 - database - INFO - Fetched all expenses data from database on date 2026-01-13
2026-01-13 16:29:54,241 - database - INFO - Fetched all expenses data from database on date 2026-01-13
2026-01-13 16:37:10,718 - database - INFO - Fetched all expenses data from database on date 2026-01-13
2026-01-13 16:37:23,930 - database - INFO - Fetched all expenses data from database on date 2026-01-13
2026-01-13 16:39:48,378 - database - INFO - Inserted new expense data on database with data (datetime.date(2026, 1, 13), 50, 'Shopping', 'Shoes')
2026-01-13 16:43:17,401 - database - INFO - Inserted new expense data on database with data (datetime.date(2026, 1, 13), 50, 'Shopping', 'Shoes')
2026-01-13 16:45:14,162 - database - INFO - Inserted new expense data on database with data (datetime.date(2026, 1, 13), 50, 'Shopping', 'Shoes')
2026-01-13 16:45:14,233 - database - INFO - Inserted new expense data on database with data (datetime.date(2026, 1, 13), 20, 'Food', 'Burger')
2026-01-13 16:45:14,274 - database - INFO - Inserted new expense data on database with data (datetime.date(2026, 1, 13), 150, 'Entertainment', 'Datenight')
2026-01-13 16:50:27,234 - database - INFO - Inserted new expense data on database with data (datetime.date(2026, 1, 13), 50, 'Shopping', 'Shoes')
2026-01-13 16:50:27,624 - database - INFO - Inserted new expense data on database with data (datetime.date(2026, 1, 13), 20, 'Food', 'Burger')
2026-01-13 16:50:27,657 - database - INFO - Inserted new expense data on database with data (datetime.date(2026, 1, 13), 150, 'Entertainment', 'Datenight')
2026-01-13 16:50:54,622 - database - INFO - Fetched all expenses data from database on date 2026-03-24
2026-01-13 16:51:14,233 - database - INFO - Fetched all expenses data from database on date 2026-03-24
2026-01-13 16:55:04,723 - database - INFO - Fetched all expenses data from database on date 2026-03-24
2026-01-13 16:57:07,072 - database - INFO - Fetched all expenses data from database on date 2026-03-24
2026-01-13 16:57:22,203 - database - INFO - Fetched all expenses data from database on date 2026-03-24
2026-01-13 16:57:39,326 - database - INFO - Fetched all expenses data from database on date 2026-03-24
2026-01-13 16:57:51,553 - database - INFO - Fetched all expenses data from database on date 2026-03-24
2026-01-13 16:59:04,729 - database - INFO - Fetched all expenses data from database on date 2026-03-24
2026-01-13 16:59:08,764 - database - INFO - Fetched all expenses data from database on date 2026-03-24
2026-01-13 16:59:19,274 - database - INFO - Fetched all expenses data from database on date 2026-03-24
2026-01-13 17:02:17,796 - database - INFO - Fetched all expenses data from database on date 2026-03-24
2026-01-13 17:02:31,612 - database - INFO - Fetched all expenses data from database on date 2026-03-24
2026-01-13 17:07:12,572 - database - INFO - Fetched all expenses data from database on date 2026-03-24
2026-01-13 17:07:21,231 - database - INFO - Fetched all expenses data from database on date 2026-03-25
2026-01-13 17:07:35,092 - database - INFO - Fetched all expenses data from database on date 2026-03-25
2026-01-13 20:46:28,919 - database - INFO - Fetched all expenses data from database on date 2026-01-13
2026-01-13 20:46:56,643 - database - INFO - Fetched all expenses data from database on date 2026-01-13
2026-01-13 20:48:03,937 - database - INFO - Fetched all expenses data from database on date 2026-01-14
2026-01-13 20:48:15,984 - database - INFO - Fetched all expenses data from database on date 2026-01-16
2026-01-13 20:48:47,193 - database - INFO - Fetched all expenses data from database on date 2026-01-16
2026-01-13 20:49:11,035 - database - INFO - Fetched all expenses data from database on date 2026-01-22
2026-01-13 21:04:04,692 - database - INFO - Fetched all expenses data from database on date 2026-01-24
2026-01-13 21:07:05,864 - database - INFO - Fetched all expenses data from database on date 2026-01-24
2026-01-13 21:07:10,907 - database - INFO - Fetched all expenses data from database on date 2026-01-30
2026-01-13 21:07:16,458 - database - INFO - Fetched all expenses data from database on date 2026-01-13
2026-01-13 21:07:34,287 - database - INFO - Fetched all expenses data from database on date 2026-01-01
2026-01-13 21:07:39,600 - database - INFO - Fetched all expenses data from database on date 2026-01-13
2026-01-13 21:09:01,526 - database - INFO - Fetched all expenses data from database on date 2026-01-13
2026-01-13 21:11:02,336 - database - INFO - Fetched all expenses data from database on date 2026-01-13
2026-01-13 21:11:36,387 - database - INFO - Fetched all expenses data from database on date 2026-01-13
2026-01-13 21:12:31,209 - database - INFO - Fetched all expenses data from database on date 2026-01-22
2026-01-13 21:13:13,985 - database - INFO - Fetched all expenses data from database on date 2026-01-22
2026-01-13 21:13:16,116 - database - INFO - Inserted new expense data on database with data (datetime.date(2026, 1, 22), 40.0, 'Food', 'Lunch')
2026-01-13 21:13:16,263 - database - INFO - Inserted new expense data on database with data (datetime.date(2026, 1, 22), 100.0, 'Shopping', 'shoes')
2026-01-13 21:13:32,401 - database - INFO - Fetched all expenses data from database on date 2026-01-22
2026-01-13 21:13:53,943 - database - INFO - Fetched all expenses data from database on date 2024-09-02
2026-01-13 21:14:47,051 - database - INFO - Fetched all expenses data from database on date 2026-01-13
2026-01-13 21:14:51,767 - database - INFO - Fetched all expenses data from database on date 2026-01-22
2026-01-13 21:17:17,443 - database - INFO - Fetched all expenses data from database on date 2024-09-02
2026-01-13 21:17:45,878 - database - INFO - Fetched all expenses data from database on date 2026-01-22
2026-01-13 21:18:36,618 - database - INFO - Fetched all expenses data from database on date 2026-01-09
2026-01-13 21:20:55,143 - database - INFO - Fetched all expenses data from database on date 2026-01-09
2026-01-13 21:21:01,079 - database - INFO - Fetched all expenses data from database on date 2026-01-15
2026-01-13 21:21:05,462 - database - INFO - Fetched all expenses data from database on date 2026-01-22
2026-01-13 21:21:15,739 - database - INFO - Fetched all expenses data from database on date 2026-01-24
2026-01-13 21:21:36,364 - database - INFO - Fetched all expenses data from database on date 2026-01-24
2026-01-13 21:21:38,435 - database - INFO - Inserted new expense data on database with data (datetime.date(2026, 1, 24), 60.0, 'Entertainment', 'swimming')
2026-01-13 21:21:38,471 - database - INFO - Inserted new expense data on database with data (datetime.date(2026, 1, 24), 3000.0, 'Other', 'laptop')
2026-01-13 21:21:54,188 - database - INFO - Fetched all expenses data from database on date 2026-01-08
2026-01-13 21:22:12,370 - database - INFO - Fetched all expenses data from database on date 2026-01-06
2026-01-13 21:23:01,971 - database - INFO - Fetched all expenses data from database on date 2026-01-31
2026-01-13 21:27:00,086 - database - INFO - Fetched all expenses data from database on date 2026-01-31
2026-01-13 21:29:32,683 - database - INFO - Fetched all expenses data from database on date 2026-01-31
2026-01-13 21:29:40,038 - database - INFO - Fetched all expenses data from database on date 2026-01-22
2026-01-13 21:30:04,051 - database - INFO - Fetched all expenses data from database on date 2026-01-22
2026-01-13 21:30:47,700 - database - INFO - Fetched all expenses data from database on date 2026-01-22
2026-01-13 21:30:53,984 - database - INFO - Fetched all expenses data from database on date 2026-01-22
2026-01-13 21:31:30,160 - database - INFO - Fetched all expenses data from database on date 2026-01-22
2026-01-13 21:31:45,754 - database - INFO - Fetched all expenses data from database on date 2026-01-14
2026-01-13 21:51:10,803 - database - INFO - Fetched all expenses data from database between date: 2026-02-11 and 2026-02-14
2026-01-13 21:58:29,671 - database - INFO - Fetched all expenses data from database on date 2026-01-14
2026-01-13 21:59:09,984 - database - INFO - Fetched all expenses data from database on date 2026-01-14
2026-01-13 22:02:17,551 - database - INFO - Fetched all expenses data from database on date 2026-01-14
2026-01-13 22:04:45,944 - database - INFO - Fetched all expenses data from database on date 2026-01-14
2026-01-13 22:04:48,207 - database - INFO - Fetched all expenses data from database between date: 2024-08-08 and 2026-01-13
2026-01-13 22:05:04,193 - database - INFO - Fetched all expenses data from database on date 2026-01-14
2026-01-13 22:05:06,279 - database - INFO - Fetched all expenses data from database between date: 2024-08-02 and 2026-01-13
2026-01-13 22:05:07,211 - database - INFO - Fetched all expenses data from database on date 2026-01-14
2026-01-13 22:05:09,392 - database - INFO - Fetched all expenses data from database between date: 2024-08-02 and 2026-01-08
2026-01-13 22:07:58,661 - database - INFO - Fetched all expenses data from database between date: 2024-08-01 and 2026-02-14
2026-01-13 22:13:34,199 - database - INFO - Fetched all expenses data from database on date 2026-01-14
2026-01-13 22:13:36,616 - database - INFO - Fetched all expenses data from database between date: 2024-08-02 and 2026-01-08
2026-01-13 22:17:44,922 - database - INFO - Fetched all expenses data from database on date 2026-01-14
2026-01-13 22:17:50,092 - database - INFO - Fetched all expenses data from database between date: 2024-08-02 and 2026-01-08
2026-01-13 22:18:33,203 - database - INFO - Fetched all expenses data from database on date 2026-01-14
2026-01-13 22:18:35,386 - database - INFO - Fetched all expenses data from database between date: 2024-08-02 and 2026-01-08
2026-01-13 22:20:40,959 - database - INFO - Fetched all expenses data from database on date 2026-01-14
2026-01-13 22:20:43,116 - database - INFO - Fetched all expenses data from database between date: 2024-08-02 and 2026-01-08
2026-01-13 22:21:47,727 - database - INFO - Fetched all expenses data from database on date 2026-01-14
2026-01-13 22:21:49,948 - database - INFO - Fetched all expenses data from database between date: 2024-08-02 and 2026-01-08
2026-01-13 22:23:40,204 - database - INFO - Fetched all expenses data from database on date 2026-01-14
2026-01-13 22:23:42,598 - database - INFO - Fetched all expenses data from database between date: 2024-08-02 and 2026-01-08
2026-01-13 22:25:39,846 - database - INFO - Fetched all expenses data from database on date 2026-01-14
2026-01-13 22:25:44,031 - database - INFO - Fetched all expenses data from database between date: 2024-08-02 and 2026-01-08
2026-01-13 22:26:18,939 - database - INFO - Fetched all expenses data from database on date 2026-01-14
2026-01-13 22:26:21,035 - database - INFO - Fetched all expenses data from database between date: 2024-08-02 and 2026-01-08
2026-01-13 22:26:55,052 - database - INFO - Fetched all expenses data from database on date 2026-01-14
2026-01-13 22:26:57,223 - database - INFO - Fetched all expenses data from database between date: 2024-08-02 and 2026-01-08
2026-01-13 22:27:18,388 - database - INFO - Fetched all expenses data from database on date 2026-01-14
2026-01-13 22:27:20,564 - database - INFO - Fetched all expenses data from database between date: 2024-08-02 and 2026-01-08
2026-01-13 22:27:46,678 - database - INFO - Fetched all expenses data from database on date 2026-01-14
2026-01-13 22:27:48,810 - database - INFO - Fetched all expenses data from database between date: 2024-08-02 and 2026-01-08
2026-01-13 22:32:35,631 - database - INFO - Fetched all expenses data from database on date 2026-01-14
2026-01-13 22:33:45,685 - database - INFO - Fetched all expenses data from database on date 2026-01-14
2026-01-13 22:34:59,157 - database - INFO - Fetched all expenses data from database on date 2026-01-14
2026-01-13 22:35:04,905 - database - INFO - Fetched all expenses data from database on date 2026-01-14
2026-01-13 22:35:08,446 - database - INFO - Fetched all expenses data from database on date 2026-01-14
2026-01-13 22:35:11,551 - database - INFO - Fetched all expenses data from database on date 2026-01-14
2026-01-13 22:35:13,685 - database - INFO - Fetched all expenses data from database between date: 2024-08-10 and 2026-01-21
2026-01-13 22:38:04,262 - database - INFO - Fetched all expenses data from database on date 2026-01-14
2026-01-13 22:38:07,991 - database - INFO - Fetched all expenses data from database on date 2026-01-14
2026-01-13 22:38:10,115 - database - INFO - Fetched all expenses data from database between date: 2024-08-10 and 2026-01-21
2026-01-13 22:40:01,434 - database - INFO - Fetched all expenses data from database on date 2026-01-14
2026-01-13 22:40:05,433 - database - INFO - Fetched all expenses data from database on date 2026-01-14
2026-01-13 22:40:07,517 - database - INFO - Fetched all expenses data from database between date: 2024-08-10 and 2026-01-21
2026-01-13 22:40:39,088 - database - INFO - Fetched all expenses data from database on date 2026-01-14
2026-01-13 22:40:42,748 - database - INFO - Fetched all expenses data from database on date 2026-01-14
2026-01-13 22:40:44,855 - database - INFO - Fetched all expenses data from database between date: 2024-08-10 and 2026-01-21
2026-01-13 22:43:05,783 - database - INFO - Fetched all expenses data from database on date 2026-01-14
2026-01-13 22:43:09,994 - database - INFO - Fetched all expenses data from database on date 2026-01-14
2026-01-13 22:43:12,084 - database - INFO - Fetched all expenses data from database between date: 2024-08-10 and 2026-01-21
2026-01-13 22:43:44,593 - database - INFO - Fetched all expenses data from database on date 2026-01-14
2026-01-13 22:43:48,435 - database - INFO - Fetched all expenses data from database on date 2026-01-14
2026-01-13 22:43:50,568 - database - INFO - Fetched all expenses data from database between date: 2024-08-10 and 2026-01-21
2026-01-13 23:54:12,940 - database - INFO - Fetched all expenses data from database on date 2026-01-14
2026-01-13 23:55:46,064 - database - INFO - Fetched all expenses data from database on date 2026-01-14
2026-01-13 23:57:03,429 - database - INFO - fetched all expenses data from database on month 08
2026-01-13 23:58:02,697 - database - INFO - fetched all expenses data from database on month 08
2026-01-13 23:59:03,045 - database - INFO - fetched all expenses data from database on month 08
2026-01-14 00:00:04,609 - database - INFO - Fetched all expenses data from database on date 2026-01-14
